<?xml version="1.0" encoding="UTF-8"?>
<robot generator="Robot 6.1.1 (Python 3.13.7 on darwin)" generated="20251111 20:02:27.411" rpa="false" schemaversion="4">
<suite id="s1" name="Tests" source="/Users/jesseraatikainen/kurssit/Ohjelmistotuotanto/palautusrepositorio/osa3/login-robot/src/tests">
<suite id="s1-s1" name="Login" source="/Users/jesseraatikainen/kurssit/Ohjelmistotuotanto/palautusrepositorio/osa3/login-robot/src/tests/login.robot">
<test id="s1-s1-t1" name="Login With Correct Credentials" line="6">
<kw name="Create User And Input Login Command" type="SETUP">
<kw name="Create User" library="AppLibrary">
<arg>kalle</arg>
<arg>kalle123</arg>
<status status="PASS" starttime="20251111 20:02:27.428" endtime="20251111 20:02:27.428"/>
</kw>
<kw name="Input Login Command" library="resource">
<kw name="Input" library="AppLibrary">
<arg>login</arg>
<status status="PASS" starttime="20251111 20:02:27.428" endtime="20251111 20:02:27.428"/>
</kw>
<status status="PASS" starttime="20251111 20:02:27.428" endtime="20251111 20:02:27.428"/>
</kw>
<status status="PASS" starttime="20251111 20:02:27.428" endtime="20251111 20:02:27.428"/>
</kw>
<kw name="Input Credentials" library="resource">
<arg>kalle</arg>
<arg>kalle123</arg>
<kw name="Input" library="AppLibrary">
<arg>${username}</arg>
<status status="PASS" starttime="20251111 20:02:27.428" endtime="20251111 20:02:27.428"/>
</kw>
<kw name="Input" library="AppLibrary">
<arg>${password}</arg>
<status status="PASS" starttime="20251111 20:02:27.428" endtime="20251111 20:02:27.428"/>
</kw>
<kw name="Run Application" library="AppLibrary">
<status status="PASS" starttime="20251111 20:02:27.428" endtime="20251111 20:02:27.428"/>
</kw>
<status status="PASS" starttime="20251111 20:02:27.428" endtime="20251111 20:02:27.428"/>
</kw>
<kw name="Output Should Contain" library="AppLibrary">
<arg>Logged in</arg>
<status status="PASS" starttime="20251111 20:02:27.428" endtime="20251111 20:02:27.428"/>
</kw>
<status status="PASS" starttime="20251111 20:02:27.427" endtime="20251111 20:02:27.428"/>
</test>
<test id="s1-s1-t2" name="Login With Incorrect Password" line="16">
<kw name="Create User And Input Login Command" type="SETUP">
<kw name="Create User" library="AppLibrary">
<arg>kalle</arg>
<arg>kalle123</arg>
<status status="PASS" starttime="20251111 20:02:27.428" endtime="20251111 20:02:27.428"/>
</kw>
<kw name="Input Login Command" library="resource">
<kw name="Input" library="AppLibrary">
<arg>login</arg>
<status status="PASS" starttime="20251111 20:02:27.429" endtime="20251111 20:02:27.429"/>
</kw>
<status status="PASS" starttime="20251111 20:02:27.429" endtime="20251111 20:02:27.429"/>
</kw>
<status status="PASS" starttime="20251111 20:02:27.428" endtime="20251111 20:02:27.429"/>
</kw>
<kw name="Input Credentials" library="resource">
<arg>kalle</arg>
<arg>kalle222</arg>
<kw name="Input" library="AppLibrary">
<arg>${username}</arg>
<status status="PASS" starttime="20251111 20:02:27.429" endtime="20251111 20:02:27.429"/>
</kw>
<kw name="Input" library="AppLibrary">
<arg>${password}</arg>
<status status="PASS" starttime="20251111 20:02:27.429" endtime="20251111 20:02:27.429"/>
</kw>
<kw name="Run Application" library="AppLibrary">
<status status="PASS" starttime="20251111 20:02:27.429" endtime="20251111 20:02:27.429"/>
</kw>
<status status="PASS" starttime="20251111 20:02:27.429" endtime="20251111 20:02:27.429"/>
</kw>
<kw name="Output Should Contain" library="AppLibrary">
<arg>Invalid username or password</arg>
<status status="PASS" starttime="20251111 20:02:27.429" endtime="20251111 20:02:27.429"/>
</kw>
<status status="PASS" starttime="20251111 20:02:27.428" endtime="20251111 20:02:27.429"/>
</test>
<test id="s1-s1-t3" name="Login With Nonexistent Username" line="20">
<kw name="Create User And Input Login Command" type="SETUP">
<kw name="Create User" library="AppLibrary">
<arg>kalle</arg>
<arg>kalle123</arg>
<status status="PASS" starttime="20251111 20:02:27.429" endtime="20251111 20:02:27.429"/>
</kw>
<kw name="Input Login Command" library="resource">
<kw name="Input" library="AppLibrary">
<arg>login</arg>
<status status="PASS" starttime="20251111 20:02:27.429" endtime="20251111 20:02:27.429"/>
</kw>
<status status="PASS" starttime="20251111 20:02:27.429" endtime="20251111 20:02:27.429"/>
</kw>
<status status="PASS" starttime="20251111 20:02:27.429" endtime="20251111 20:02:27.429"/>
</kw>
<kw name="Input Credentials" library="resource">
<arg>aku</arg>
<arg>ankka1</arg>
<kw name="Input" library="AppLibrary">
<arg>${username}</arg>
<status status="PASS" starttime="20251111 20:02:27.429" endtime="20251111 20:02:27.429"/>
</kw>
<kw name="Input" library="AppLibrary">
<arg>${password}</arg>
<status status="PASS" starttime="20251111 20:02:27.429" endtime="20251111 20:02:27.429"/>
</kw>
<kw name="Run Application" library="AppLibrary">
<status status="PASS" starttime="20251111 20:02:27.429" endtime="20251111 20:02:27.429"/>
</kw>
<status status="PASS" starttime="20251111 20:02:27.429" endtime="20251111 20:02:27.429"/>
</kw>
<kw name="Output Should Contain" library="AppLibrary">
<arg>Invalid username or password</arg>
<status status="PASS" starttime="20251111 20:02:27.429" endtime="20251111 20:02:27.429"/>
</kw>
<status status="PASS" starttime="20251111 20:02:27.429" endtime="20251111 20:02:27.430"/>
</test>
<status status="PASS" starttime="20251111 20:02:27.423" endtime="20251111 20:02:27.430"/>
</suite>
<suite id="s1-s2" name="Register" source="/Users/jesseraatikainen/kurssit/Ohjelmistotuotanto/palautusrepositorio/osa3/login-robot/src/tests/register.robot">
<test id="s1-s2-t1" name="Register With Valid Username And Password" line="6">
<kw name="Input New Command And Create User" type="SETUP">
<kw name="Input New Command" library="resource">
<kw name="Input" library="AppLibrary">
<arg>new</arg>
<status status="PASS" starttime="20251111 20:02:27.431" endtime="20251111 20:02:27.431"/>
</kw>
<status status="PASS" starttime="20251111 20:02:27.431" endtime="20251111 20:02:27.431"/>
</kw>
<kw name="Create User" library="AppLibrary">
<arg>kalle</arg>
<arg>salainensalasana123</arg>
<status status="PASS" starttime="20251111 20:02:27.431" endtime="20251111 20:02:27.431"/>
</kw>
<status status="PASS" starttime="20251111 20:02:27.431" endtime="20251111 20:02:27.431"/>
</kw>
<kw name="Input Credentials" library="resource">
<arg>sami</arg>
<arg>kalle123</arg>
<kw name="Input" library="AppLibrary">
<arg>${username}</arg>
<status status="PASS" starttime="20251111 20:02:27.431" endtime="20251111 20:02:27.431"/>
</kw>
<kw name="Input" library="AppLibrary">
<arg>${password}</arg>
<status status="PASS" starttime="20251111 20:02:27.431" endtime="20251111 20:02:27.431"/>
</kw>
<kw name="Run Application" library="AppLibrary">
<status status="PASS" starttime="20251111 20:02:27.431" endtime="20251111 20:02:27.431"/>
</kw>
<status status="PASS" starttime="20251111 20:02:27.431" endtime="20251111 20:02:27.431"/>
</kw>
<kw name="Output Should Contain" library="AppLibrary">
<arg>New user registered</arg>
<status status="PASS" starttime="20251111 20:02:27.431" endtime="20251111 20:02:27.431"/>
</kw>
<status status="PASS" starttime="20251111 20:02:27.430" endtime="20251111 20:02:27.431"/>
</test>
<test id="s1-s2-t2" name="Register With Already Taken Username And Valid Password" line="10">
<kw name="Input New Command And Create User" type="SETUP">
<kw name="Input New Command" library="resource">
<kw name="Input" library="AppLibrary">
<arg>new</arg>
<status status="PASS" starttime="20251111 20:02:27.431" endtime="20251111 20:02:27.431"/>
</kw>
<status status="PASS" starttime="20251111 20:02:27.431" endtime="20251111 20:02:27.431"/>
</kw>
<kw name="Create User" library="AppLibrary">
<arg>kalle</arg>
<arg>salainensalasana123</arg>
<status status="PASS" starttime="20251111 20:02:27.431" endtime="20251111 20:02:27.431"/>
</kw>
<status status="PASS" starttime="20251111 20:02:27.431" endtime="20251111 20:02:27.431"/>
</kw>
<kw name="Input Credentials" library="resource">
<arg>kalle</arg>
<arg>uusi_salasana3</arg>
<kw name="Input" library="AppLibrary">
<arg>${username}</arg>
<status status="PASS" starttime="20251111 20:02:27.431" endtime="20251111 20:02:27.431"/>
</kw>
<kw name="Input" library="AppLibrary">
<arg>${password}</arg>
<status status="PASS" starttime="20251111 20:02:27.431" endtime="20251111 20:02:27.432"/>
</kw>
<kw name="Run Application" library="AppLibrary">
<status status="PASS" starttime="20251111 20:02:27.432" endtime="20251111 20:02:27.432"/>
</kw>
<status status="PASS" starttime="20251111 20:02:27.431" endtime="20251111 20:02:27.432"/>
</kw>
<kw name="Output Should Contain" library="AppLibrary">
<arg>User with username kalle already exists</arg>
<status status="PASS" starttime="20251111 20:02:27.432" endtime="20251111 20:02:27.432"/>
</kw>
<status status="PASS" starttime="20251111 20:02:27.431" endtime="20251111 20:02:27.432"/>
</test>
<test id="s1-s2-t3" name="Register With Too Short Username And Valid Password" line="14">
<kw name="Input New Command And Create User" type="SETUP">
<kw name="Input New Command" library="resource">
<kw name="Input" library="AppLibrary">
<arg>new</arg>
<status status="PASS" starttime="20251111 20:02:27.432" endtime="20251111 20:02:27.432"/>
</kw>
<status status="PASS" starttime="20251111 20:02:27.432" endtime="20251111 20:02:27.432"/>
</kw>
<kw name="Create User" library="AppLibrary">
<arg>kalle</arg>
<arg>salainensalasana123</arg>
<status status="PASS" starttime="20251111 20:02:27.432" endtime="20251111 20:02:27.432"/>
</kw>
<status status="PASS" starttime="20251111 20:02:27.432" endtime="20251111 20:02:27.432"/>
</kw>
<kw name="Input Credentials" library="resource">
<arg>ka</arg>
<arg>kajnsalasana2</arg>
<kw name="Input" library="AppLibrary">
<arg>${username}</arg>
<status status="PASS" starttime="20251111 20:02:27.432" endtime="20251111 20:02:27.432"/>
</kw>
<kw name="Input" library="AppLibrary">
<arg>${password}</arg>
<status status="PASS" starttime="20251111 20:02:27.432" endtime="20251111 20:02:27.432"/>
</kw>
<kw name="Run Application" library="AppLibrary">
<status status="PASS" starttime="20251111 20:02:27.432" endtime="20251111 20:02:27.432"/>
</kw>
<status status="PASS" starttime="20251111 20:02:27.432" endtime="20251111 20:02:27.432"/>
</kw>
<kw name="Output Should Contain" library="AppLibrary">
<arg>Username should be at least 3 char and password should be at least 8 char</arg>
<status status="PASS" starttime="20251111 20:02:27.432" endtime="20251111 20:02:27.432"/>
</kw>
<status status="PASS" starttime="20251111 20:02:27.432" endtime="20251111 20:02:27.432"/>
</test>
<test id="s1-s2-t4" name="Register With Enough Long But Invalid Username And Valid Password" line="18">
<kw name="Input New Command And Create User" type="SETUP">
<kw name="Input New Command" library="resource">
<kw name="Input" library="AppLibrary">
<arg>new</arg>
<status status="PASS" starttime="20251111 20:02:27.433" endtime="20251111 20:02:27.433"/>
</kw>
<status status="PASS" starttime="20251111 20:02:27.432" endtime="20251111 20:02:27.433"/>
</kw>
<kw name="Create User" library="AppLibrary">
<arg>kalle</arg>
<arg>salainensalasana123</arg>
<status status="PASS" starttime="20251111 20:02:27.433" endtime="20251111 20:02:27.433"/>
</kw>
<status status="PASS" starttime="20251111 20:02:27.432" endtime="20251111 20:02:27.433"/>
</kw>
<kw name="Input Credentials" library="resource">
<arg>ka8</arg>
<arg>kaansalasana!</arg>
<kw name="Input" library="AppLibrary">
<arg>${username}</arg>
<status status="PASS" starttime="20251111 20:02:27.433" endtime="20251111 20:02:27.433"/>
</kw>
<kw name="Input" library="AppLibrary">
<arg>${password}</arg>
<status status="PASS" starttime="20251111 20:02:27.433" endtime="20251111 20:02:27.433"/>
</kw>
<kw name="Run Application" library="AppLibrary">
<status status="PASS" starttime="20251111 20:02:27.433" endtime="20251111 20:02:27.433"/>
</kw>
<status status="PASS" starttime="20251111 20:02:27.433" endtime="20251111 20:02:27.433"/>
</kw>
<kw name="Output Should Contain" library="AppLibrary">
<arg>Username should contain only letters a-ö</arg>
<status status="PASS" starttime="20251111 20:02:27.433" endtime="20251111 20:02:27.433"/>
</kw>
<status status="PASS" starttime="20251111 20:02:27.432" endtime="20251111 20:02:27.433"/>
</test>
<test id="s1-s2-t5" name="Register With Valid Username And Too Short Password" line="23">
<kw name="Input New Command And Create User" type="SETUP">
<kw name="Input New Command" library="resource">
<kw name="Input" library="AppLibrary">
<arg>new</arg>
<status status="PASS" starttime="20251111 20:02:27.433" endtime="20251111 20:02:27.433"/>
</kw>
<status status="PASS" starttime="20251111 20:02:27.433" endtime="20251111 20:02:27.433"/>
</kw>
<kw name="Create User" library="AppLibrary">
<arg>kalle</arg>
<arg>salainensalasana123</arg>
<status status="PASS" starttime="20251111 20:02:27.433" endtime="20251111 20:02:27.433"/>
</kw>
<status status="PASS" starttime="20251111 20:02:27.433" endtime="20251111 20:02:27.433"/>
</kw>
<kw name="Input Credentials" library="resource">
<arg>kaj</arg>
<arg>moi</arg>
<kw name="Input" library="AppLibrary">
<arg>${username}</arg>
<status status="PASS" starttime="20251111 20:02:27.433" endtime="20251111 20:02:27.433"/>
</kw>
<kw name="Input" library="AppLibrary">
<arg>${password}</arg>
<status status="PASS" starttime="20251111 20:02:27.433" endtime="20251111 20:02:27.433"/>
</kw>
<kw name="Run Application" library="AppLibrary">
<status status="PASS" starttime="20251111 20:02:27.433" endtime="20251111 20:02:27.433"/>
</kw>
<status status="PASS" starttime="20251111 20:02:27.433" endtime="20251111 20:02:27.433"/>
</kw>
<kw name="Output Should Contain" library="AppLibrary">
<arg>Username should be at least 3 char and password should be at least 8 char</arg>
<status status="PASS" starttime="20251111 20:02:27.433" endtime="20251111 20:02:27.433"/>
</kw>
<status status="PASS" starttime="20251111 20:02:27.433" endtime="20251111 20:02:27.434"/>
</test>
<test id="s1-s2-t6" name="Register With Valid Username And Long Enough Password Containing Only Letters" line="27">
<kw name="Input New Command And Create User" type="SETUP">
<kw name="Input New Command" library="resource">
<kw name="Input" library="AppLibrary">
<arg>new</arg>
<status status="PASS" starttime="20251111 20:02:27.434" endtime="20251111 20:02:27.434"/>
</kw>
<status status="PASS" starttime="20251111 20:02:27.434" endtime="20251111 20:02:27.434"/>
</kw>
<kw name="Create User" library="AppLibrary">
<arg>kalle</arg>
<arg>salainensalasana123</arg>
<status status="PASS" starttime="20251111 20:02:27.434" endtime="20251111 20:02:27.434"/>
</kw>
<status status="PASS" starttime="20251111 20:02:27.434" endtime="20251111 20:02:27.434"/>
</kw>
<kw name="Input Credentials" library="resource">
<arg>sampsa</arg>
<arg>sampsansalasana</arg>
<kw name="Input" library="AppLibrary">
<arg>${username}</arg>
<status status="PASS" starttime="20251111 20:02:27.434" endtime="20251111 20:02:27.434"/>
</kw>
<kw name="Input" library="AppLibrary">
<arg>${password}</arg>
<status status="PASS" starttime="20251111 20:02:27.434" endtime="20251111 20:02:27.434"/>
</kw>
<kw name="Run Application" library="AppLibrary">
<status status="PASS" starttime="20251111 20:02:27.434" endtime="20251111 20:02:27.434"/>
</kw>
<status status="PASS" starttime="20251111 20:02:27.434" endtime="20251111 20:02:27.434"/>
</kw>
<kw name="Output Should Contain" library="AppLibrary">
<arg>Password should include at least one special char ex. number or symbol</arg>
<status status="PASS" starttime="20251111 20:02:27.434" endtime="20251111 20:02:27.434"/>
</kw>
<status status="PASS" starttime="20251111 20:02:27.434" endtime="20251111 20:02:27.434"/>
</test>
<status status="PASS" starttime="20251111 20:02:27.430" endtime="20251111 20:02:27.434"/>
</suite>
<status status="PASS" starttime="20251111 20:02:27.413" endtime="20251111 20:02:27.434"/>
</suite>
<statistics>
<total>
<stat pass="9" fail="0" skip="0">All Tests</stat>
</total>
<tag>
</tag>
<suite>
<stat pass="9" fail="0" skip="0" id="s1" name="Tests">Tests</stat>
<stat pass="3" fail="0" skip="0" id="s1-s1" name="Login">Tests.Login</stat>
<stat pass="6" fail="0" skip="0" id="s1-s2" name="Register">Tests.Register</stat>
</suite>
</statistics>
<errors>
<msg timestamp="20251111 20:02:27.424" level="ERROR">Error in file '/Users/jesseraatikainen/kurssit/Ohjelmistotuotanto/palautusrepositorio/osa3/login-robot/src/tests/resource.robot' on line 3: Setting 'Test Setup' is not allowed in resource file.</msg>
</errors>
</robot>
